tourAdvisor/app/build/intermediates/manifest_merge_blame_file/debug/manifest-merger-blame-debug-report.txt
1<?xml version="1.0" encoding="utf-8"?>
2<manifest xmlns:android="http://schemas.android.com/apk/res/android"
3    package="com.projetandroid.touradvisor"
4    android:versionCode="1"
5    android:versionName="1.0" >
6
7    <uses-sdk
8        android:minSdkVersion="23"
8-->src/main/AndroidManifest.xml
9        android:targetSdkVersion="30" />
9-->src/main/AndroidManifest.xml
10
11    <!--
12         The ACCESS_COARSE/FINE_LOCATION permissions are not required to use
13         Google Maps Android API v2, but you must specify either coarse or fine
14         location permissions for the "MyLocation" functionality.
15    -->
16    <uses-permission android:name="android.permission.ACCESS_FINE_LOCATION" />
16-->src/main/AndroidManifest.xml:10:5-79
16-->src/main/AndroidManifest.xml:10:22-76
17
18    <!--
19         The ACCESS_COARSE/FINE_LOCATION permissions are not required to use
20         Google Maps Android API v2, but you must specify either coarse or fine
21         location permissions for the "MyLocation" functionality.
22    -->
23    <uses-permission android:name="my.package.name.permission.MAPS_RECEIVE" />
23-->src/main/AndroidManifest.xml:17:5-79
23-->src/main/AndroidManifest.xml:17:22-76
24    <uses-permission android:name="android.permission.INTERNET" />
24-->src/main/AndroidManifest.xml:18:5-67
24-->src/main/AndroidManifest.xml:18:22-64
25
26    <!-- Include required permissions for Google Maps API to run. -->
27    <uses-permission android:name="android.permission.ACCESS_NETWORK_STATE" />
27-->[com.google.android.gms:play-services-maps:17.0.1] AndroidManifest.xml:23:5-79
27-->[com.google.android.gms:play-services-maps:17.0.1] AndroidManifest.xml:23:22-76
28
29    <uses-feature
29-->[com.google.android.gms:play-services-maps:17.0.1] AndroidManifest.xml:26:5-28:35
30        android:glEsVersion="0x00020000"
30-->[com.google.android.gms:play-services-maps:17.0.1] AndroidManifest.xml:27:9-41
31        android:required="true" />
31-->[com.google.android.gms:play-services-maps:17.0.1] AndroidManifest.xml:28:9-32
32
33    <queries>
33-->[com.google.android.gms:play-services-maps:17.0.1] AndroidManifest.xml:30:5-34:15
34
35        <!-- Needs to be explicitly declared on Android R+ -->
36        <package android:name="com.google.android.apps.maps" />
36-->[com.google.android.gms:play-services-maps:17.0.1] AndroidManifest.xml:33:9-64
36-->[com.google.android.gms:play-services-maps:17.0.1] AndroidManifest.xml:33:18-61
37    </queries>
38
39    <application
39-->src/main/AndroidManifest.xml:20:5-50:19
40        android:allowBackup="true"
40-->src/main/AndroidManifest.xml:21:9-35
41        android:appComponentFactory="androidx.core.app.CoreComponentFactory"
41-->[androidx.core:core:1.5.0] AndroidManifest.xml:24:18-86
42        android:debuggable="true"
43        android:extractNativeLibs="false"
44        android:icon="@mipmap/ic_launcher"
44-->src/main/AndroidManifest.xml:22:9-43
45        android:label="@string/app_name"
45-->src/main/AndroidManifest.xml:23:9-41
46        android:roundIcon="@mipmap/ic_launcher_round"
46-->src/main/AndroidManifest.xml:24:9-54
47        android:supportsRtl="true"
47-->src/main/AndroidManifest.xml:25:9-35
48        android:testOnly="true"
49        android:theme="@style/Theme.TourAdvisor" >
49-->src/main/AndroidManifest.xml:26:9-49
50
51        <!--
52             The API key for Google Maps-based APIs is defined as a string resource.
53             (See the file "res/values/google_maps_api.xml").
54             Note that the API key is linked to the encryption key used to sign the APK.
55             You need a different API key for each encryption key, including the release key that is used to
56             sign the APK for publishing.
57             You can define the keys for the debug and release targets in src/debug/ and src/release/.
58        -->
59        <meta-data
59-->src/main/AndroidManifest.xml:36:9-38:55
60            android:name="com.google.android.geo.API_KEY"
60-->src/main/AndroidManifest.xml:37:13-58
61            android:value="@string/google_maps_key" />
61-->src/main/AndroidManifest.xml:38:13-52
62
63        <activity
63-->src/main/AndroidManifest.xml:40:9-42:59
64            android:name="com.projetandroid.touradvisor.MapsActivity"
64-->src/main/AndroidManifest.xml:41:13-41
65            android:label="@string/title_activity_maps" />
65-->src/main/AndroidManifest.xml:42:13-56
66        <activity android:name="com.projetandroid.touradvisor.MainActivity" >
66-->src/main/AndroidManifest.xml:43:9-49:20
66-->src/main/AndroidManifest.xml:43:19-47
67            <intent-filter>
67-->src/main/AndroidManifest.xml:44:13-48:29
68                <action android:name="android.intent.action.MAIN" />
68-->src/main/AndroidManifest.xml:45:17-69
68-->src/main/AndroidManifest.xml:45:25-66
69
70                <category android:name="android.intent.category.LAUNCHER" />
70-->src/main/AndroidManifest.xml:47:17-77
70-->src/main/AndroidManifest.xml:47:27-74
71            </intent-filter>
72        </activity>
73        <!-- Needs to be explicitly declared on P+ -->
74        <uses-library
74-->[com.google.android.gms:play-services-maps:17.0.1] AndroidManifest.xml:39:9-41:40
75            android:name="org.apache.http.legacy"
75-->[com.google.android.gms:play-services-maps:17.0.1] AndroidManifest.xml:40:13-50
76            android:required="false" />
76-->[com.google.android.gms:play-services-maps:17.0.1] AndroidManifest.xml:41:13-37
77
78        <activity
78-->[com.google.android.gms:play-services-base:17.0.0] AndroidManifest.xml:23:9-26:75
79            android:name="com.google.android.gms.common.api.GoogleApiActivity"
79-->[com.google.android.gms:play-services-base:17.0.0] AndroidManifest.xml:24:13-79
80            android:exported="false"
80-->[com.google.android.gms:play-services-base:17.0.0] AndroidManifest.xml:25:13-37
81            android:theme="@android:style/Theme.Translucent.NoTitleBar" />
81-->[com.google.android.gms:play-services-base:17.0.0] AndroidManifest.xml:26:13-72
82
83        <meta-data
83-->[com.google.android.gms:play-services-basement:17.0.0] AndroidManifest.xml:23:9-25:69
84            android:name="com.google.android.gms.version"
84-->[com.google.android.gms:play-services-basement:17.0.0] AndroidManifest.xml:24:13-58
85            android:value="@integer/google_play_services_version" />
85-->[com.google.android.gms:play-services-basement:17.0.0] AndroidManifest.xml:25:13-66
86    </application>
87
88</manifest>